Using pre-set license
Built from '2020.3/staging' branch; Version is '2020.3.25f1 (9b9180224418) revision 10195328'; Using compiler version '192528614'; Build Type 'Release'
OS: 'Windows 10  (10.0.19044) 64bit Professional' Language: 'en' Physical Memory: 7390 MB
BatchMode: 1, IsHumanControllingUs: 0, StartBugReporterOnCrash: 0, Is64bit: 1, IsPro: 0

COMMAND LINE ARGUMENTS:
C:\Program Files\Unity\Hub\Editor\2020.3.25f1\Editor\Unity.exe
-adb2
-batchMode
-noUpm
-name
AssetImportWorker0
-projectPath
C:/Users/Saad Akram/Downloads/Compressed/Capstone_Bomberman_Project
-logFile
Logs/AssetImportWorker0.log
-srvPort
65359
Successfully changed project path to: C:/Users/Saad Akram/Downloads/Compressed/Capstone_Bomberman_Project
C:/Users/Saad Akram/Downloads/Compressed/Capstone_Bomberman_Project
Using Asset Import Pipeline V2.
Refreshing native plugins compatible for Editor in 483.24 ms, found 2 plugins.
Preloading 0 native plugins for Editor in 0.00 ms.
Initialize engine version: 2020.3.25f1 (9b9180224418)
[Subsystems] Discovering subsystems at path C:/Program Files/Unity/Hub/Editor/2020.3.25f1/Editor/Data/Resources/UnitySubsystems
[Subsystems] Discovering subsystems at path C:/Users/Saad Akram/Downloads/Compressed/Capstone_Bomberman_Project/Assets
GfxDevice: creating device client; threaded=0
Direct3D:
    Version:  Direct3D 11.0 [level 11.0]
    Renderer: AMD Radeon HD 8650G (ID=0x990b)
    Vendor:   
    VRAM:     2778 MB
    Driver:   15.200.1065.0
Initialize mono
Mono path[0] = 'C:/Program Files/Unity/Hub/Editor/2020.3.25f1/Editor/Data/Managed'
Mono path[1] = 'C:/Program Files/Unity/Hub/Editor/2020.3.25f1/Editor/Data/MonoBleedingEdge/lib/mono/unityjit'
Mono config path = 'C:/Program Files/Unity/Hub/Editor/2020.3.25f1/Editor/Data/MonoBleedingEdge/etc'
Using monoOptions --debugger-agent=transport=dt_socket,embedding=1,server=y,suspend=n,address=127.0.0.1:56756
Begin MonoManager ReloadAssembly
Registering precompiled unity dll's ...
Register platform support module: C:/Program Files/Unity/Hub/Editor/2020.3.25f1/Editor/Data/PlaybackEngines/WebGLSupport/UnityEditor.WebGL.Extensions.dll
Register platform support module: C:/Program Files/Unity/Hub/Editor/2020.3.25f1/Editor/Data/PlaybackEngines/WindowsStandaloneSupport/UnityEditor.WindowsStandalone.Extensions.dll
Registered in 0.010142 seconds.
Native extension for WindowsStandalone target not found
Native extension for WebGL target not found
Refreshing native plugins compatible for Editor in 202.92 ms, found 2 plugins.
Preloading 0 native plugins for Editor in 0.00 ms.
Mono: successfully reloaded assembly
- Completed reload, in  2.247 seconds
Domain Reload Profiling:
	ReloadAssembly (2247ms)
		BeginReloadAssembly (157ms)
			ExecutionOrderSort (0ms)
			DisableScriptedObjects (0ms)
			BackupInstance (0ms)
			ReleaseScriptingObjects (0ms)
			CreateAndSetChildDomain (3ms)
		EndReloadAssembly (1793ms)
			LoadAssemblies (151ms)
			RebuildTransferFunctionScriptingTraits (0ms)
			SetupTypeCache (681ms)
			ReleaseScriptCaches (0ms)
			RebuildScriptCaches (137ms)
			SetupLoadedEditorAssemblies (636ms)
				LogAssemblyErrors (0ms)
				InitializePlatformSupportModulesInManaged (23ms)
				SetLoadedEditorAssemblies (1ms)
				RefreshPlugins (205ms)
				BeforeProcessingInitializeOnLoad (60ms)
				ProcessInitializeOnLoadAttributes (270ms)
				ProcessInitializeOnLoadMethodAttributes (78ms)
				AfterProcessingInitializeOnLoad (0ms)
				EditorAssembliesLoaded (0ms)
			ExecutionOrderSort2 (0ms)
			AwakeInstancesAfterBackupRestoration (0ms)
Platform modules already initialized, skipping
Registering precompiled user dll's ...
Registered in 0.018078 seconds.
Begin MonoManager ReloadAssembly
Native extension for WindowsStandalone target not found
Native extension for WebGL target not found
Refreshing native plugins compatible for Editor in 1.91 ms, found 2 plugins.
Preloading 0 native plugins for Editor in 0.00 ms.
Mono: successfully reloaded assembly
- Completed reload, in  4.193 seconds
Domain Reload Profiling:
	ReloadAssembly (4195ms)
		BeginReloadAssembly (464ms)
			ExecutionOrderSort (0ms)
			DisableScriptedObjects (17ms)
			BackupInstance (0ms)
			ReleaseScriptingObjects (0ms)
			CreateAndSetChildDomain (46ms)
		EndReloadAssembly (3459ms)
			LoadAssemblies (371ms)
			RebuildTransferFunctionScriptingTraits (0ms)
			SetupTypeCache (1144ms)
			ReleaseScriptCaches (1ms)
			RebuildScriptCaches (147ms)
			SetupLoadedEditorAssemblies (1460ms)
				LogAssemblyErrors (0ms)
				InitializePlatformSupportModulesInManaged (15ms)
				SetLoadedEditorAssemblies (1ms)
				RefreshPlugins (2ms)
				BeforeProcessingInitializeOnLoad (419ms)
				ProcessInitializeOnLoadAttributes (810ms)
				ProcessInitializeOnLoadMethodAttributes (191ms)
				AfterProcessingInitializeOnLoad (21ms)
				EditorAssembliesLoaded (0ms)
			ExecutionOrderSort2 (0ms)
			AwakeInstancesAfterBackupRestoration (16ms)
Platform modules already initialized, skipping
========================================================================
Worker process is ready to serve import requests
Launched and connected shader compiler UnityShaderCompiler.exe after 0.23 seconds
Refreshing native plugins compatible for Editor in 1.98 ms, found 2 plugins.
Preloading 0 native plugins for Editor in 0.00 ms.
Unloading 2124 Unused Serialized files (Serialized files now loaded: 0)
System memory in use before: 84.5 MB.
System memory in use after: 84.6 MB.

Unloading 58 unused Assets to reduce memory usage. Loaded Objects now: 2526.
Total: 20.088600 ms (FindLiveObjects: 0.834100 ms CreateObjectMapping: 0.418200 ms MarkObjects: 18.672000 ms  DeleteObjects: 0.160900 ms)

AssetImportParameters requested are different than current active one (requested -> active):
  custom:framework-win-MediaFoundation: 216162199b28c13a410421893ffa2e32 -> 
  custom:video-decoder-ogg-theora: a1e56fd34408186e4bbccfd4996cb3dc -> 
  custom:container-muxer-webm: aa71ff27fc2769a1b78a27578f13a17b -> 
  custom:container-demuxer-webm: 4f35f7cbe854078d1ac9338744f61a02 -> 
  custom:container-demuxer-ogg: 62fdf1f143b41e24485cea50d1cbac27 -> 
  custom:video-encoder-webm-vp8: eb34c28f22e8b96e1ab97ce403110664 -> 
  custom:video-decoder-webm-vp8: 9c59270c3fd7afecdb556c50c9e8de78 -> 
  custom:audio-decoder-ogg-vorbis: bf7c407c2cedff20999df2af8eb42d56 -> 
  custom:audio-encoder-webm-vorbis: bf7c407c2cedff20999df2af8eb42d56 -> 
========================================================================
Received Import Request.
  path: Assets/Bomberman.unity
  artifactKey: Guid(c8346bd9d0d56c34ab9591563d43368a) Importer(815301076,1909f56bfc062723c751e8b465ee728b)
Start importing Assets/Bomberman.unity using Guid(c8346bd9d0d56c34ab9591563d43368a) Importer(815301076,1909f56bfc062723c751e8b465ee728b)  -> (artifact id: '715a61112a328da64d349f4da20e2b94') in 0.044507 seconds 
  Import took 0.057253 seconds .

========================================================================
Received Import Request.
  Time since last request: 3.092311 seconds.
  path: Assets/Tiles
  artifactKey: Guid(3f3bd357f41244e489a5091bd7b95cb7) Importer(815301076,1909f56bfc062723c751e8b465ee728b)
Start importing Assets/Tiles using Guid(3f3bd357f41244e489a5091bd7b95cb7) Importer(815301076,1909f56bfc062723c751e8b465ee728b)  -> (artifact id: '40074a9867df4cac85749044d29be887') in 0.053641 seconds 
  Import took 0.069014 seconds .

========================================================================
Received Import Request.
  Time since last request: 4.777591 seconds.
  path: Assets/Sprites
  artifactKey: Guid(8cd10247d9f1e2344b2ab903a618de8b) Importer(815301076,1909f56bfc062723c751e8b465ee728b)
Start importing Assets/Sprites using Guid(8cd10247d9f1e2344b2ab903a618de8b) Importer(815301076,1909f56bfc062723c751e8b465ee728b)  -> (artifact id: 'a98fd025bc54d769e984711e665a1d1c') in 0.041881 seconds 
  Import took 0.052643 seconds .

========================================================================
Received Import Request.
  Time since last request: 13.307411 seconds.
  path: Assets/Palettes/Bomberman.prefab
  artifactKey: Guid(5ef8254255bdd6f4ca7f805de56f6a16) Importer(815301076,1909f56bfc062723c751e8b465ee728b)
Start importing Assets/Palettes/Bomberman.prefab using Guid(5ef8254255bdd6f4ca7f805de56f6a16) Importer(815301076,1909f56bfc062723c751e8b465ee728b)  -> (artifact id: '666b20e1070a8ac190057b5c7907006e') in 0.499507 seconds 
  Import took 0.515118 seconds .

========================================================================
Received Import Request.
  Time since last request: 29.294757 seconds.
  path: Assets/Tiles/WallFiller.asset
  artifactKey: Guid(f7b17acb93f1034439f61a0c35bad7c5) Importer(815301076,1909f56bfc062723c751e8b465ee728b)
Start importing Assets/Tiles/WallFiller.asset using Guid(f7b17acb93f1034439f61a0c35bad7c5) Importer(815301076,1909f56bfc062723c751e8b465ee728b)  -> (artifact id: 'd303871f764f3e07ccd0b8507c2b7644') in 0.316711 seconds 
  Import took 0.328477 seconds .

========================================================================
Received Import Request.
  Time since last request: 0.000361 seconds.
  path: Assets/Sprites/Wall.png
  artifactKey: Guid(267d4b7f9c93d3f4696a37722d58728c) Importer(815301076,1909f56bfc062723c751e8b465ee728b)
Start importing Assets/Sprites/Wall.png using Guid(267d4b7f9c93d3f4696a37722d58728c) Importer(815301076,1909f56bfc062723c751e8b465ee728b)  -> (artifact id: 'f7081232b7e15555da7395bc251023ec') in 0.726972 seconds 
  Import took 0.735106 seconds .

========================================================================
Received Import Request.
  Time since last request: 3.391154 seconds.
  path: Assets/Tiles/Dirt.asset
  artifactKey: Guid(8e3635754d59b824ca8ab3d0ab07686f) Importer(815301076,1909f56bfc062723c751e8b465ee728b)
Start importing Assets/Tiles/Dirt.asset using Guid(8e3635754d59b824ca8ab3d0ab07686f) Importer(815301076,1909f56bfc062723c751e8b465ee728b)  -> (artifact id: 'a59b7e40deb56b0e57d8b02dc45a5745') in 0.165537 seconds 
  Import took 0.181648 seconds .

========================================================================
Received Import Request.
  Time since last request: 0.001858 seconds.
  path: Assets/Sprites/Dirt.PNG
  artifactKey: Guid(6effb0022735ead45acf361ef8832074) Importer(815301076,1909f56bfc062723c751e8b465ee728b)
Start importing Assets/Sprites/Dirt.PNG using Guid(6effb0022735ead45acf361ef8832074) Importer(815301076,1909f56bfc062723c751e8b465ee728b)  -> (artifact id: 'e15b4fa939b1cc9a5cd85a7e3b8775db') in 0.631212 seconds 
  Import took 0.651358 seconds .

========================================================================
Received Import Request.
  Time since last request: 0.000494 seconds.
  path: Assets/Tiles/Wall.asset
  artifactKey: Guid(dd221daf9de1c624b82c1f90bda93bae) Importer(815301076,1909f56bfc062723c751e8b465ee728b)
Start importing Assets/Tiles/Wall.asset using Guid(dd221daf9de1c624b82c1f90bda93bae) Importer(815301076,1909f56bfc062723c751e8b465ee728b)  -> (artifact id: '15d7ad857eb642abceb9d2eeb6f2c481') in 0.064747 seconds 
  Import took 0.075147 seconds .

========================================================================
Received Import Request.
  Time since last request: 2.175627 seconds.
  path: Assets/Tiles/Destructable.asset
  artifactKey: Guid(f5cead61b9ade294eaef2b42ad349148) Importer(815301076,1909f56bfc062723c751e8b465ee728b)
Start importing Assets/Tiles/Destructable.asset using Guid(f5cead61b9ade294eaef2b42ad349148) Importer(815301076,1909f56bfc062723c751e8b465ee728b)  -> (artifact id: '8d6f41bac5fef423f98f02be2578711d') in 0.096531 seconds 
  Import took 0.108334 seconds .

========================================================================
Received Import Request.
  Time since last request: 39.672971 seconds.
  path: Assets/Resources/BillingMode.json
  artifactKey: Guid(ce4c9287c04ff73488060da880125cf2) Importer(815301076,1909f56bfc062723c751e8b465ee728b)
Start importing Assets/Resources/BillingMode.json using Guid(ce4c9287c04ff73488060da880125cf2) Importer(815301076,1909f56bfc062723c751e8b465ee728b)  -> (artifact id: 'f0d3d7c28aaf0a8991238d1053743063') in 0.090941 seconds 
  Import took 0.128821 seconds .

========================================================================
Received Prepare
Registering precompiled user dll's ...
Registered in 0.040142 seconds.
Begin MonoManager ReloadAssembly
Native extension for WindowsStandalone target not found
Native extension for WebGL target not found
Refreshing native plugins compatible for Editor in 1.67 ms, found 2 plugins.
Preloading 0 native plugins for Editor in 0.00 ms.
Mono: successfully reloaded assembly
- Completed reload, in  2.839 seconds
Domain Reload Profiling:
	ReloadAssembly (2840ms)
		BeginReloadAssembly (254ms)
			ExecutionOrderSort (0ms)
			DisableScriptedObjects (14ms)
			BackupInstance (0ms)
			ReleaseScriptingObjects (0ms)
			CreateAndSetChildDomain (72ms)
		EndReloadAssembly (2399ms)
			LoadAssemblies (248ms)
			RebuildTransferFunctionScriptingTraits (0ms)
			SetupTypeCache (758ms)
			ReleaseScriptCaches (5ms)
			RebuildScriptCaches (146ms)
			SetupLoadedEditorAssemblies (901ms)
				LogAssemblyErrors (0ms)
				InitializePlatformSupportModulesInManaged (12ms)
				SetLoadedEditorAssemblies (1ms)
				RefreshPlugins (2ms)
				BeforeProcessingInitializeOnLoad (264ms)
				ProcessInitializeOnLoadAttributes (498ms)
				ProcessInitializeOnLoadMethodAttributes (107ms)
				AfterProcessingInitializeOnLoad (17ms)
				EditorAssembliesLoaded (0ms)
			ExecutionOrderSort2 (0ms)
			AwakeInstancesAfterBackupRestoration (15ms)
Platform modules already initialized, skipping
Refreshing native plugins compatible for Editor in 5.36 ms, found 2 plugins.
Preloading 0 native plugins for Editor in 0.00 ms.
Unloading 2153 Unused Serialized files (Serialized files now loaded: 0)
System memory in use before: 88.5 MB.
System memory in use after: 88.6 MB.

Unloading 50 unused Assets to reduce memory usage. Loaded Objects now: 2576.
Total: 13.468400 ms (FindLiveObjects: 0.428800 ms CreateObjectMapping: 0.157200 ms MarkObjects: 12.802800 ms  DeleteObjects: 0.074900 ms)

AssetImportParameters requested are different than current active one (requested -> active):
  custom:framework-win-MediaFoundation: 216162199b28c13a410421893ffa2e32 -> 
  custom:video-decoder-ogg-theora: a1e56fd34408186e4bbccfd4996cb3dc -> 
  custom:container-muxer-webm: aa71ff27fc2769a1b78a27578f13a17b -> 
  custom:container-demuxer-webm: 4f35f7cbe854078d1ac9338744f61a02 -> 
  custom:container-demuxer-ogg: 62fdf1f143b41e24485cea50d1cbac27 -> 
  custom:video-encoder-webm-vp8: eb34c28f22e8b96e1ab97ce403110664 -> 
  custom:video-decoder-webm-vp8: 9c59270c3fd7afecdb556c50c9e8de78 -> 
  custom:audio-decoder-ogg-vorbis: bf7c407c2cedff20999df2af8eb42d56 -> 
  custom:audio-encoder-webm-vorbis: bf7c407c2cedff20999df2af8eb42d56 -> 
========================================================================
Received Import Request.
  Time since last request: 2468.752141 seconds.
  path: Assets
  artifactKey: Guid(00000000000000001000000000000000) Importer(815301076,1909f56bfc062723c751e8b465ee728b)
Start importing Assets using Guid(00000000000000001000000000000000) Importer(815301076,1909f56bfc062723c751e8b465ee728b)  -> (artifact id: '42d402b061de3733987d63b9cc3b64de') in 0.034926 seconds 
  Import took 0.052430 seconds .

========================================================================
Received Import Request.
  Time since last request: 7.965650 seconds.
  path: Assets/Prefabs
  artifactKey: Guid(d87e14eeeac63654aa364856d3f36b02) Importer(815301076,1909f56bfc062723c751e8b465ee728b)
Start importing Assets/Prefabs using Guid(d87e14eeeac63654aa364856d3f36b02) Importer(815301076,1909f56bfc062723c751e8b465ee728b)  -> (artifact id: '180fdcdb7c6129a520c92c305587652a') in 0.018192 seconds 
  Import took 0.026477 seconds .

========================================================================
Received Import Request.
  Time since last request: 5.658559 seconds.
  path: Assets/Prefabs/Bomb.prefab
  artifactKey: Guid(97a3fc9beeb256a4a89c35c1dc687226) Importer(815301076,1909f56bfc062723c751e8b465ee728b)
Start importing Assets/Prefabs/Bomb.prefab using Guid(97a3fc9beeb256a4a89c35c1dc687226) Importer(815301076,1909f56bfc062723c751e8b465ee728b)  -> (artifact id: '523071c1a1b2f18ec16d6c9fa16e01df') in 0.188589 seconds 
  Import took 0.196158 seconds .

========================================================================
Received Import Request.
  Time since last request: 64.577017 seconds.
  path: Assets/Scripts
  artifactKey: Guid(7c65fbbe15521a7419f41042065e7377) Importer(815301076,1909f56bfc062723c751e8b465ee728b)
Start importing Assets/Scripts using Guid(7c65fbbe15521a7419f41042065e7377) Importer(815301076,1909f56bfc062723c751e8b465ee728b)  -> (artifact id: '8831380a53b3da78dc880de2782125e7') in 0.017675 seconds 
  Import took 0.025585 seconds .

========================================================================
Received Import Request.
  Time since last request: 22.913487 seconds.
  path: Assets/Scripts/BombSpawnerScript.cs
  artifactKey: Guid(6cbb141bd2e9b7d41a925c46f6a3af9f) Importer(815301076,1909f56bfc062723c751e8b465ee728b)
Start importing Assets/Scripts/BombSpawnerScript.cs using Guid(6cbb141bd2e9b7d41a925c46f6a3af9f) Importer(815301076,1909f56bfc062723c751e8b465ee728b)  -> (artifact id: '80175705697920864d89e258042c2ce0') in 0.059529 seconds 
  Import took 0.066832 seconds .

========================================================================
Received Prepare
Registering precompiled user dll's ...
Registered in 0.016430 seconds.
Begin MonoManager ReloadAssembly
Native extension for WindowsStandalone target not found
Native extension for WebGL target not found
Refreshing native plugins compatible for Editor in 1.74 ms, found 2 plugins.
Preloading 0 native plugins for Editor in 0.00 ms.
Mono: successfully reloaded assembly
- Completed reload, in  3.753 seconds
Domain Reload Profiling:
	ReloadAssembly (3754ms)
		BeginReloadAssembly (414ms)
			ExecutionOrderSort (0ms)
			DisableScriptedObjects (15ms)
			BackupInstance (0ms)
			ReleaseScriptingObjects (0ms)
			CreateAndSetChildDomain (133ms)
		EndReloadAssembly (2906ms)
			LoadAssemblies (398ms)
			RebuildTransferFunctionScriptingTraits (0ms)
			SetupTypeCache (968ms)
			ReleaseScriptCaches (2ms)
			RebuildScriptCaches (219ms)
			SetupLoadedEditorAssemblies (1045ms)
				LogAssemblyErrors (0ms)
				InitializePlatformSupportModulesInManaged (14ms)
				SetLoadedEditorAssemblies (1ms)
				RefreshPlugins (2ms)
				BeforeProcessingInitializeOnLoad (276ms)
				ProcessInitializeOnLoadAttributes (601ms)
				ProcessInitializeOnLoadMethodAttributes (128ms)
				AfterProcessingInitializeOnLoad (22ms)
				EditorAssembliesLoaded (0ms)
			ExecutionOrderSort2 (0ms)
			AwakeInstancesAfterBackupRestoration (48ms)
Platform modules already initialized, skipping
Refreshing native plugins compatible for Editor in 16.72 ms, found 2 plugins.
Preloading 0 native plugins for Editor in 0.00 ms.
Unloading 2154 Unused Serialized files (Serialized files now loaded: 0)
System memory in use before: 88.5 MB.
System memory in use after: 88.7 MB.

Unloading 50 unused Assets to reduce memory usage. Loaded Objects now: 2580.
Total: 16.240000 ms (FindLiveObjects: 0.482800 ms CreateObjectMapping: 0.190400 ms MarkObjects: 15.487300 ms  DeleteObjects: 0.076300 ms)

AssetImportParameters requested are different than current active one (requested -> active):
  custom:framework-win-MediaFoundation: 216162199b28c13a410421893ffa2e32 -> 
  custom:video-decoder-ogg-theora: a1e56fd34408186e4bbccfd4996cb3dc -> 
  custom:container-muxer-webm: aa71ff27fc2769a1b78a27578f13a17b -> 
  custom:container-demuxer-webm: 4f35f7cbe854078d1ac9338744f61a02 -> 
  custom:container-demuxer-ogg: 62fdf1f143b41e24485cea50d1cbac27 -> 
  custom:video-encoder-webm-vp8: eb34c28f22e8b96e1ab97ce403110664 -> 
  custom:video-decoder-webm-vp8: 9c59270c3fd7afecdb556c50c9e8de78 -> 
  custom:audio-decoder-ogg-vorbis: bf7c407c2cedff20999df2af8eb42d56 -> 
  custom:audio-encoder-webm-vorbis: bf7c407c2cedff20999df2af8eb42d56 -> 
========================================================================
Received Prepare
Registering precompiled user dll's ...
Registered in 0.016581 seconds.
Begin MonoManager ReloadAssembly
Native extension for WindowsStandalone target not found
Native extension for WebGL target not found
Refreshing native plugins compatible for Editor in 1.58 ms, found 2 plugins.
Preloading 0 native plugins for Editor in 0.00 ms.
Mono: successfully reloaded assembly
- Completed reload, in  2.971 seconds
Domain Reload Profiling:
	ReloadAssembly (2972ms)
		BeginReloadAssembly (239ms)
			ExecutionOrderSort (0ms)
			DisableScriptedObjects (13ms)
			BackupInstance (0ms)
			ReleaseScriptingObjects (0ms)
			CreateAndSetChildDomain (76ms)
		EndReloadAssembly (2545ms)
			LoadAssemblies (234ms)
			RebuildTransferFunctionScriptingTraits (0ms)
			SetupTypeCache (797ms)
			ReleaseScriptCaches (3ms)
			RebuildScriptCaches (145ms)
			SetupLoadedEditorAssemblies (1077ms)
				LogAssemblyErrors (0ms)
				InitializePlatformSupportModulesInManaged (13ms)
				SetLoadedEditorAssemblies (1ms)
				RefreshPlugins (2ms)
				BeforeProcessingInitializeOnLoad (303ms)
				ProcessInitializeOnLoadAttributes (613ms)
				ProcessInitializeOnLoadMethodAttributes (128ms)
				AfterProcessingInitializeOnLoad (16ms)
				EditorAssembliesLoaded (0ms)
			ExecutionOrderSort2 (0ms)
			AwakeInstancesAfterBackupRestoration (16ms)
Platform modules already initialized, skipping
Refreshing native plugins compatible for Editor in 2.57 ms, found 2 plugins.
Preloading 0 native plugins for Editor in 0.00 ms.
Unloading 2154 Unused Serialized files (Serialized files now loaded: 0)
System memory in use before: 88.6 MB.
System memory in use after: 88.7 MB.

Unloading 50 unused Assets to reduce memory usage. Loaded Objects now: 2582.
Total: 42.125100 ms (FindLiveObjects: 0.449700 ms CreateObjectMapping: 0.212200 ms MarkObjects: 41.298900 ms  DeleteObjects: 0.160200 ms)

AssetImportParameters requested are different than current active one (requested -> active):
  custom:framework-win-MediaFoundation: 216162199b28c13a410421893ffa2e32 -> 
  custom:video-decoder-ogg-theora: a1e56fd34408186e4bbccfd4996cb3dc -> 
  custom:container-muxer-webm: aa71ff27fc2769a1b78a27578f13a17b -> 
  custom:container-demuxer-webm: 4f35f7cbe854078d1ac9338744f61a02 -> 
  custom:container-demuxer-ogg: 62fdf1f143b41e24485cea50d1cbac27 -> 
  custom:video-encoder-webm-vp8: eb34c28f22e8b96e1ab97ce403110664 -> 
  custom:video-decoder-webm-vp8: 9c59270c3fd7afecdb556c50c9e8de78 -> 
  custom:audio-decoder-ogg-vorbis: bf7c407c2cedff20999df2af8eb42d56 -> 
  custom:audio-encoder-webm-vorbis: bf7c407c2cedff20999df2af8eb42d56 -> 
========================================================================
Received Prepare
Registering precompiled user dll's ...
Registered in 0.020247 seconds.
Begin MonoManager ReloadAssembly
Native extension for WindowsStandalone target not found
Native extension for WebGL target not found
Refreshing native plugins compatible for Editor in 1.56 ms, found 2 plugins.
Preloading 0 native plugins for Editor in 0.00 ms.
Mono: successfully reloaded assembly
- Completed reload, in  3.006 seconds
Domain Reload Profiling:
	ReloadAssembly (3007ms)
		BeginReloadAssembly (296ms)
			ExecutionOrderSort (0ms)
			DisableScriptedObjects (13ms)
			BackupInstance (0ms)
			ReleaseScriptingObjects (0ms)
			CreateAndSetChildDomain (70ms)
		EndReloadAssembly (2502ms)
			LoadAssemblies (323ms)
			RebuildTransferFunctionScriptingTraits (0ms)
			SetupTypeCache (892ms)
			ReleaseScriptCaches (3ms)
			RebuildScriptCaches (127ms)
			SetupLoadedEditorAssemblies (898ms)
				LogAssemblyErrors (0ms)
				InitializePlatformSupportModulesInManaged (11ms)
				SetLoadedEditorAssemblies (1ms)
				RefreshPlugins (2ms)
				BeforeProcessingInitializeOnLoad (254ms)
				ProcessInitializeOnLoadAttributes (482ms)
				ProcessInitializeOnLoadMethodAttributes (109ms)
				AfterProcessingInitializeOnLoad (40ms)
				EditorAssembliesLoaded (0ms)
			ExecutionOrderSort2 (0ms)
			AwakeInstancesAfterBackupRestoration (18ms)
Platform modules already initialized, skipping
Refreshing native plugins compatible for Editor in 1.94 ms, found 2 plugins.
Preloading 0 native plugins for Editor in 0.00 ms.
Unloading 2154 Unused Serialized files (Serialized files now loaded: 0)
System memory in use before: 88.6 MB.
System memory in use after: 88.7 MB.

Unloading 50 unused Assets to reduce memory usage. Loaded Objects now: 2584.
Total: 18.104800 ms (FindLiveObjects: 0.626200 ms CreateObjectMapping: 0.308200 ms MarkObjects: 17.093700 ms  DeleteObjects: 0.072200 ms)

AssetImportParameters requested are different than current active one (requested -> active):
  custom:framework-win-MediaFoundation: 216162199b28c13a410421893ffa2e32 -> 
  custom:video-decoder-ogg-theora: a1e56fd34408186e4bbccfd4996cb3dc -> 
  custom:container-muxer-webm: aa71ff27fc2769a1b78a27578f13a17b -> 
  custom:container-demuxer-webm: 4f35f7cbe854078d1ac9338744f61a02 -> 
  custom:container-demuxer-ogg: 62fdf1f143b41e24485cea50d1cbac27 -> 
  custom:video-encoder-webm-vp8: eb34c28f22e8b96e1ab97ce403110664 -> 
  custom:video-decoder-webm-vp8: 9c59270c3fd7afecdb556c50c9e8de78 -> 
  custom:audio-decoder-ogg-vorbis: bf7c407c2cedff20999df2af8eb42d56 -> 
  custom:audio-encoder-webm-vorbis: bf7c407c2cedff20999df2af8eb42d56 -> 
========================================================================
Received Import Request.
  Time since last request: 1026.069939 seconds.
  path: Assets/Scripts/Bomb.cs
  artifactKey: Guid(deb1937a265ca894d9722756cb6bb60a) Importer(815301076,1909f56bfc062723c751e8b465ee728b)
Start importing Assets/Scripts/Bomb.cs using Guid(deb1937a265ca894d9722756cb6bb60a) Importer(815301076,1909f56bfc062723c751e8b465ee728b)  -> (artifact id: 'c128ddc66da23eb3f7a97a3523f39753') in 0.031790 seconds 
  Import took 0.045664 seconds .

========================================================================
Received Prepare
Registering precompiled user dll's ...
Registered in 0.016391 seconds.
Begin MonoManager ReloadAssembly
Native extension for WindowsStandalone target not found
Native extension for WebGL target not found
Refreshing native plugins compatible for Editor in 1.45 ms, found 2 plugins.
Preloading 0 native plugins for Editor in 0.00 ms.
Mono: successfully reloaded assembly
- Completed reload, in  2.617 seconds
Domain Reload Profiling:
	ReloadAssembly (2617ms)
		BeginReloadAssembly (248ms)
			ExecutionOrderSort (0ms)
			DisableScriptedObjects (12ms)
			BackupInstance (0ms)
			ReleaseScriptingObjects (0ms)
			CreateAndSetChildDomain (70ms)
		EndReloadAssembly (2196ms)
			LoadAssemblies (252ms)
			RebuildTransferFunctionScriptingTraits (0ms)
			SetupTypeCache (764ms)
			ReleaseScriptCaches (2ms)
			RebuildScriptCaches (103ms)
			SetupLoadedEditorAssemblies (858ms)
				LogAssemblyErrors (0ms)
				InitializePlatformSupportModulesInManaged (11ms)
				SetLoadedEditorAssemblies (1ms)
				RefreshPlugins (2ms)
				BeforeProcessingInitializeOnLoad (265ms)
				ProcessInitializeOnLoadAttributes (445ms)
				ProcessInitializeOnLoadMethodAttributes (118ms)
				AfterProcessingInitializeOnLoad (16ms)
				EditorAssembliesLoaded (0ms)
			ExecutionOrderSort2 (0ms)
			AwakeInstancesAfterBackupRestoration (15ms)
Platform modules already initialized, skipping
Refreshing native plugins compatible for Editor in 1.66 ms, found 2 plugins.
Preloading 0 native plugins for Editor in 0.00 ms.
Unloading 2155 Unused Serialized files (Serialized files now loaded: 0)
System memory in use before: 88.6 MB.
System memory in use after: 88.7 MB.

Unloading 50 unused Assets to reduce memory usage. Loaded Objects now: 2587.
Total: 26.933500 ms (FindLiveObjects: 0.910700 ms CreateObjectMapping: 0.485000 ms MarkObjects: 25.448300 ms  DeleteObjects: 0.084000 ms)

AssetImportParameters requested are different than current active one (requested -> active):
  custom:framework-win-MediaFoundation: 216162199b28c13a410421893ffa2e32 -> 
  custom:video-decoder-ogg-theora: a1e56fd34408186e4bbccfd4996cb3dc -> 
  custom:container-muxer-webm: aa71ff27fc2769a1b78a27578f13a17b -> 
  custom:container-demuxer-webm: 4f35f7cbe854078d1ac9338744f61a02 -> 
  custom:container-demuxer-ogg: 62fdf1f143b41e24485cea50d1cbac27 -> 
  custom:video-encoder-webm-vp8: eb34c28f22e8b96e1ab97ce403110664 -> 
  custom:video-decoder-webm-vp8: 9c59270c3fd7afecdb556c50c9e8de78 -> 
  custom:audio-decoder-ogg-vorbis: bf7c407c2cedff20999df2af8eb42d56 -> 
  custom:audio-encoder-webm-vorbis: bf7c407c2cedff20999df2af8eb42d56 -> 
========================================================================
Received Import Request.
  Time since last request: 56.366214 seconds.
  path: Assets/Prefabs/Bomb.prefab
  artifactKey: Guid(97a3fc9beeb256a4a89c35c1dc687226) Importer(815301076,1909f56bfc062723c751e8b465ee728b)
Start importing Assets/Prefabs/Bomb.prefab using Guid(97a3fc9beeb256a4a89c35c1dc687226) Importer(815301076,1909f56bfc062723c751e8b465ee728b)  -> (artifact id: 'cb51be3f9c01a3da97a49ae6e8f71855') in 0.166306 seconds 
  Import took 0.176172 seconds .

========================================================================
Received Prepare
Registering precompiled user dll's ...
Registered in 0.016717 seconds.
Begin MonoManager ReloadAssembly
Native extension for WindowsStandalone target not found
Native extension for WebGL target not found
Refreshing native plugins compatible for Editor in 1.69 ms, found 2 plugins.
Preloading 0 native plugins for Editor in 0.00 ms.
Mono: successfully reloaded assembly
- Completed reload, in  3.274 seconds
Domain Reload Profiling:
	ReloadAssembly (3275ms)
		BeginReloadAssembly (293ms)
			ExecutionOrderSort (0ms)
			DisableScriptedObjects (16ms)
			BackupInstance (0ms)
			ReleaseScriptingObjects (0ms)
			CreateAndSetChildDomain (102ms)
		EndReloadAssembly (2782ms)
			LoadAssemblies (226ms)
			RebuildTransferFunctionScriptingTraits (0ms)
			SetupTypeCache (765ms)
			ReleaseScriptCaches (2ms)
			RebuildScriptCaches (128ms)
			SetupLoadedEditorAssemblies (1408ms)
				LogAssemblyErrors (0ms)
				InitializePlatformSupportModulesInManaged (11ms)
				SetLoadedEditorAssemblies (1ms)
				RefreshPlugins (2ms)
				BeforeProcessingInitializeOnLoad (258ms)
				ProcessInitializeOnLoadAttributes (967ms)
				ProcessInitializeOnLoadMethodAttributes (148ms)
				AfterProcessingInitializeOnLoad (21ms)
				EditorAssembliesLoaded (0ms)
			ExecutionOrderSort2 (0ms)
			AwakeInstancesAfterBackupRestoration (18ms)
Platform modules already initialized, skipping
Refreshing native plugins compatible for Editor in 1.61 ms, found 2 plugins.
Preloading 0 native plugins for Editor in 0.00 ms.
Unloading 2155 Unused Serialized files (Serialized files now loaded: 0)
System memory in use before: 88.6 MB.
System memory in use after: 88.7 MB.

Unloading 50 unused Assets to reduce memory usage. Loaded Objects now: 2590.
Total: 14.480000 ms (FindLiveObjects: 0.534000 ms CreateObjectMapping: 0.225400 ms MarkObjects: 13.644100 ms  DeleteObjects: 0.072400 ms)

AssetImportParameters requested are different than current active one (requested -> active):
  custom:framework-win-MediaFoundation: 216162199b28c13a410421893ffa2e32 -> 
  custom:video-decoder-ogg-theora: a1e56fd34408186e4bbccfd4996cb3dc -> 
  custom:container-muxer-webm: aa71ff27fc2769a1b78a27578f13a17b -> 
  custom:container-demuxer-webm: 4f35f7cbe854078d1ac9338744f61a02 -> 
  custom:container-demuxer-ogg: 62fdf1f143b41e24485cea50d1cbac27 -> 
  custom:video-encoder-webm-vp8: eb34c28f22e8b96e1ab97ce403110664 -> 
  custom:video-decoder-webm-vp8: 9c59270c3fd7afecdb556c50c9e8de78 -> 
  custom:audio-decoder-ogg-vorbis: bf7c407c2cedff20999df2af8eb42d56 -> 
  custom:audio-encoder-webm-vorbis: bf7c407c2cedff20999df2af8eb42d56 -> 
========================================================================
Received Import Request.
  Time since last request: 134.592828 seconds.
  path: Assets/Prefabs/Bomb.prefab
  artifactKey: Guid(97a3fc9beeb256a4a89c35c1dc687226) Importer(815301076,1909f56bfc062723c751e8b465ee728b)
Start importing Assets/Prefabs/Bomb.prefab using Guid(97a3fc9beeb256a4a89c35c1dc687226) Importer(815301076,1909f56bfc062723c751e8b465ee728b)  -> (artifact id: 'd0214ba8696f0246be139a86e05007c7') in 0.114626 seconds 
  Import took 0.121685 seconds .

========================================================================
Received Prepare
Registering precompiled user dll's ...
Registered in 0.016079 seconds.
Begin MonoManager ReloadAssembly
Native extension for WindowsStandalone target not found
Native extension for WebGL target not found
Refreshing native plugins compatible for Editor in 1.57 ms, found 2 plugins.
Preloading 0 native plugins for Editor in 0.00 ms.
Mono: successfully reloaded assembly
- Completed reload, in  3.018 seconds
Domain Reload Profiling:
	ReloadAssembly (3019ms)
		BeginReloadAssembly (247ms)
			ExecutionOrderSort (0ms)
			DisableScriptedObjects (14ms)
			BackupInstance (0ms)
			ReleaseScriptingObjects (0ms)
			CreateAndSetChildDomain (74ms)
		EndReloadAssembly (2553ms)
			LoadAssemblies (254ms)
			RebuildTransferFunctionScriptingTraits (0ms)
			SetupTypeCache (893ms)
			ReleaseScriptCaches (7ms)
			RebuildScriptCaches (145ms)
			SetupLoadedEditorAssemblies (1000ms)
				LogAssemblyErrors (0ms)
				InitializePlatformSupportModulesInManaged (12ms)
				SetLoadedEditorAssemblies (1ms)
				RefreshPlugins (2ms)
				BeforeProcessingInitializeOnLoad (267ms)
				ProcessInitializeOnLoadAttributes (576ms)
				ProcessInitializeOnLoadMethodAttributes (95ms)
				AfterProcessingInitializeOnLoad (46ms)
				EditorAssembliesLoaded (0ms)
			ExecutionOrderSort2 (0ms)
			AwakeInstancesAfterBackupRestoration (19ms)
Platform modules already initialized, skipping
Refreshing native plugins compatible for Editor in 7.32 ms, found 2 plugins.
Preloading 0 native plugins for Editor in 0.00 ms.
Unloading 2155 Unused Serialized files (Serialized files now loaded: 0)
System memory in use before: 88.7 MB.
System memory in use after: 88.9 MB.

Unloading 50 unused Assets to reduce memory usage. Loaded Objects now: 2593.
Total: 26.177900 ms (FindLiveObjects: 0.557900 ms CreateObjectMapping: 0.190900 ms MarkObjects: 25.275500 ms  DeleteObjects: 0.148800 ms)

AssetImportParameters requested are different than current active one (requested -> active):
  custom:framework-win-MediaFoundation: 216162199b28c13a410421893ffa2e32 -> 
  custom:video-decoder-ogg-theora: a1e56fd34408186e4bbccfd4996cb3dc -> 
  custom:container-muxer-webm: aa71ff27fc2769a1b78a27578f13a17b -> 
  custom:container-demuxer-webm: 4f35f7cbe854078d1ac9338744f61a02 -> 
  custom:container-demuxer-ogg: 62fdf1f143b41e24485cea50d1cbac27 -> 
  custom:video-encoder-webm-vp8: eb34c28f22e8b96e1ab97ce403110664 -> 
  custom:video-decoder-webm-vp8: 9c59270c3fd7afecdb556c50c9e8de78 -> 
  custom:audio-decoder-ogg-vorbis: bf7c407c2cedff20999df2af8eb42d56 -> 
  custom:audio-encoder-webm-vorbis: bf7c407c2cedff20999df2af8eb42d56 -> 
========================================================================
Received Import Request.
  Time since last request: 93.027733 seconds.
  path: Assets/Scripts/MapDestroyer.cs
  artifactKey: Guid(9e43586dbee6470408637c27b1b5951f) Importer(815301076,1909f56bfc062723c751e8b465ee728b)
Start importing Assets/Scripts/MapDestroyer.cs using Guid(9e43586dbee6470408637c27b1b5951f) Importer(815301076,1909f56bfc062723c751e8b465ee728b)  -> (artifact id: 'eddcbf251c1620ca431ef0a9403c0350') in 0.139036 seconds 
  Import took 0.187036 seconds .

========================================================================
Received Prepare
Registering precompiled user dll's ...
Registered in 0.020840 seconds.
Begin MonoManager ReloadAssembly
Native extension for WindowsStandalone target not found
Native extension for WebGL target not found
Refreshing native plugins compatible for Editor in 2.10 ms, found 2 plugins.
Preloading 0 native plugins for Editor in 0.00 ms.
Mono: successfully reloaded assembly
- Completed reload, in  2.802 seconds
Domain Reload Profiling:
	ReloadAssembly (2803ms)
		BeginReloadAssembly (295ms)
			ExecutionOrderSort (0ms)
			DisableScriptedObjects (13ms)
			BackupInstance (0ms)
			ReleaseScriptingObjects (0ms)
			CreateAndSetChildDomain (85ms)
		EndReloadAssembly (2334ms)
			LoadAssemblies (255ms)
			RebuildTransferFunctionScriptingTraits (0ms)
			SetupTypeCache (770ms)
			ReleaseScriptCaches (3ms)
			RebuildScriptCaches (132ms)
			SetupLoadedEditorAssemblies (885ms)
				LogAssemblyErrors (0ms)
				InitializePlatformSupportModulesInManaged (25ms)
				SetLoadedEditorAssemblies (2ms)
				RefreshPlugins (2ms)
				BeforeProcessingInitializeOnLoad (264ms)
				ProcessInitializeOnLoadAttributes (482ms)
				ProcessInitializeOnLoadMethodAttributes (92ms)
				AfterProcessingInitializeOnLoad (17ms)
				EditorAssembliesLoaded (0ms)
			ExecutionOrderSort2 (0ms)
			AwakeInstancesAfterBackupRestoration (15ms)
Platform modules already initialized, skipping
Refreshing native plugins compatible for Editor in 1.63 ms, found 2 plugins.
Preloading 0 native plugins for Editor in 0.00 ms.
Unloading 2156 Unused Serialized files (Serialized files now loaded: 0)
System memory in use before: 88.8 MB.
System memory in use after: 88.9 MB.

Unloading 50 unused Assets to reduce memory usage. Loaded Objects now: 2596.
Total: 15.059900 ms (FindLiveObjects: 0.765300 ms CreateObjectMapping: 0.156700 ms MarkObjects: 13.964800 ms  DeleteObjects: 0.168400 ms)

AssetImportParameters requested are different than current active one (requested -> active):
  custom:framework-win-MediaFoundation: 216162199b28c13a410421893ffa2e32 -> 
  custom:video-decoder-ogg-theora: a1e56fd34408186e4bbccfd4996cb3dc -> 
  custom:container-muxer-webm: aa71ff27fc2769a1b78a27578f13a17b -> 
  custom:container-demuxer-webm: 4f35f7cbe854078d1ac9338744f61a02 -> 
  custom:container-demuxer-ogg: 62fdf1f143b41e24485cea50d1cbac27 -> 
  custom:video-encoder-webm-vp8: eb34c28f22e8b96e1ab97ce403110664 -> 
  custom:video-decoder-webm-vp8: 9c59270c3fd7afecdb556c50c9e8de78 -> 
  custom:audio-decoder-ogg-vorbis: bf7c407c2cedff20999df2af8eb42d56 -> 
  custom:audio-encoder-webm-vorbis: bf7c407c2cedff20999df2af8eb42d56 -> 
========================================================================
Received Prepare
Registering precompiled user dll's ...
Registered in 0.068259 seconds.
Begin MonoManager ReloadAssembly
Native extension for WindowsStandalone target not found
Native extension for WebGL target not found
Refreshing native plugins compatible for Editor in 2.05 ms, found 2 plugins.
Preloading 0 native plugins for Editor in 0.00 ms.
Mono: successfully reloaded assembly
- Completed reload, in  6.322 seconds
Domain Reload Profiling:
	ReloadAssembly (6323ms)
		BeginReloadAssembly (585ms)
			ExecutionOrderSort (0ms)
			DisableScriptedObjects (27ms)
			BackupInstance (0ms)
			ReleaseScriptingObjects (0ms)
			CreateAndSetChildDomain (202ms)
		EndReloadAssembly (5333ms)
			LoadAssemblies (576ms)
			RebuildTransferFunctionScriptingTraits (0ms)
			SetupTypeCache (1690ms)
			ReleaseScriptCaches (4ms)
			RebuildScriptCaches (261ms)
			SetupLoadedEditorAssemblies (2258ms)
				LogAssemblyErrors (0ms)
				InitializePlatformSupportModulesInManaged (49ms)
				SetLoadedEditorAssemblies (6ms)
				RefreshPlugins (2ms)
				BeforeProcessingInitializeOnLoad (1018ms)
				ProcessInitializeOnLoadAttributes (1005ms)
				ProcessInitializeOnLoadMethodAttributes (159ms)
				AfterProcessingInitializeOnLoad (18ms)
				EditorAssembliesLoaded (0ms)
			ExecutionOrderSort2 (0ms)
			AwakeInstancesAfterBackupRestoration (21ms)
Platform modules already initialized, skipping
Refreshing native plugins compatible for Editor in 7.15 ms, found 2 plugins.
Preloading 0 native plugins for Editor in 0.00 ms.
Unloading 2156 Unused Serialized files (Serialized files now loaded: 0)
System memory in use before: 88.8 MB.
System memory in use after: 88.9 MB.

Unloading 50 unused Assets to reduce memory usage. Loaded Objects now: 2598.
Total: 21.279300 ms (FindLiveObjects: 0.831200 ms CreateObjectMapping: 0.363600 ms MarkObjects: 19.960200 ms  DeleteObjects: 0.120800 ms)

AssetImportParameters requested are different than current active one (requested -> active):
  custom:framework-win-MediaFoundation: 216162199b28c13a410421893ffa2e32 -> 
  custom:video-decoder-ogg-theora: a1e56fd34408186e4bbccfd4996cb3dc -> 
  custom:container-muxer-webm: aa71ff27fc2769a1b78a27578f13a17b -> 
  custom:container-demuxer-webm: 4f35f7cbe854078d1ac9338744f61a02 -> 
  custom:container-demuxer-ogg: 62fdf1f143b41e24485cea50d1cbac27 -> 
  custom:video-encoder-webm-vp8: eb34c28f22e8b96e1ab97ce403110664 -> 
  custom:video-decoder-webm-vp8: 9c59270c3fd7afecdb556c50c9e8de78 -> 
  custom:audio-decoder-ogg-vorbis: bf7c407c2cedff20999df2af8eb42d56 -> 
  custom:audio-encoder-webm-vorbis: bf7c407c2cedff20999df2af8eb42d56 -> 
========================================================================
Received Prepare
Registering precompiled user dll's ...
Registered in 0.070773 seconds.
Begin MonoManager ReloadAssembly
Native extension for WindowsStandalone target not found
Native extension for WebGL target not found
Refreshing native plugins compatible for Editor in 5.84 ms, found 2 plugins.
Preloading 0 native plugins for Editor in 0.00 ms.
Mono: successfully reloaded assembly
- Completed reload, in  6.915 seconds
Domain Reload Profiling:
	ReloadAssembly (6916ms)
		BeginReloadAssembly (606ms)
			ExecutionOrderSort (0ms)
			DisableScriptedObjects (23ms)
			BackupInstance (0ms)
			ReleaseScriptingObjects (0ms)
			CreateAndSetChildDomain (173ms)
		EndReloadAssembly (5790ms)
			LoadAssemblies (625ms)
			RebuildTransferFunctionScriptingTraits (0ms)
			SetupTypeCache (1852ms)
			ReleaseScriptCaches (6ms)
			RebuildScriptCaches (306ms)
			SetupLoadedEditorAssemblies (2432ms)
				LogAssemblyErrors (0ms)
				InitializePlatformSupportModulesInManaged (42ms)
				SetLoadedEditorAssemblies (2ms)
				RefreshPlugins (6ms)
				BeforeProcessingInitializeOnLoad (560ms)
				ProcessInitializeOnLoadAttributes (1525ms)
				ProcessInitializeOnLoadMethodAttributes (259ms)
				AfterProcessingInitializeOnLoad (37ms)
				EditorAssembliesLoaded (0ms)
			ExecutionOrderSort2 (0ms)
			AwakeInstancesAfterBackupRestoration (40ms)
Platform modules already initialized, skipping
Refreshing native plugins compatible for Editor in 4.04 ms, found 2 plugins.
Preloading 0 native plugins for Editor in 0.00 ms.
Unloading 2156 Unused Serialized files (Serialized files now loaded: 0)
System memory in use before: 88.8 MB.
System memory in use after: 88.9 MB.

Unloading 50 unused Assets to reduce memory usage. Loaded Objects now: 2600.
Total: 21.651400 ms (FindLiveObjects: 0.545400 ms CreateObjectMapping: 0.197800 ms MarkObjects: 20.803000 ms  DeleteObjects: 0.101100 ms)

AssetImportParameters requested are different than current active one (requested -> active):
  custom:framework-win-MediaFoundation: 216162199b28c13a410421893ffa2e32 -> 
  custom:video-decoder-ogg-theora: a1e56fd34408186e4bbccfd4996cb3dc -> 
  custom:container-muxer-webm: aa71ff27fc2769a1b78a27578f13a17b -> 
  custom:container-demuxer-webm: 4f35f7cbe854078d1ac9338744f61a02 -> 
  custom:container-demuxer-ogg: 62fdf1f143b41e24485cea50d1cbac27 -> 
  custom:video-encoder-webm-vp8: eb34c28f22e8b96e1ab97ce403110664 -> 
  custom:video-decoder-webm-vp8: 9c59270c3fd7afecdb556c50c9e8de78 -> 
  custom:audio-decoder-ogg-vorbis: bf7c407c2cedff20999df2af8eb42d56 -> 
  custom:audio-encoder-webm-vorbis: bf7c407c2cedff20999df2af8eb42d56 -> 
========================================================================
Received Prepare
Registering precompiled user dll's ...
Registered in 0.081008 seconds.
Begin MonoManager ReloadAssembly
Native extension for WindowsStandalone target not found
Native extension for WebGL target not found
Refreshing native plugins compatible for Editor in 11.69 ms, found 2 plugins.
Preloading 0 native plugins for Editor in 0.00 ms.
Mono: successfully reloaded assembly
- Completed reload, in  7.775 seconds
Domain Reload Profiling:
	ReloadAssembly (7776ms)
		BeginReloadAssembly (1110ms)
			ExecutionOrderSort (0ms)
			DisableScriptedObjects (29ms)
			BackupInstance (0ms)
			ReleaseScriptingObjects (0ms)
			CreateAndSetChildDomain (666ms)
		EndReloadAssembly (6307ms)
			LoadAssemblies (541ms)
			RebuildTransferFunctionScriptingTraits (0ms)
			SetupTypeCache (1976ms)
			ReleaseScriptCaches (9ms)
			RebuildScriptCaches (279ms)
			SetupLoadedEditorAssemblies (2741ms)
				LogAssemblyErrors (0ms)
				InitializePlatformSupportModulesInManaged (166ms)
				SetLoadedEditorAssemblies (124ms)
				RefreshPlugins (12ms)
				BeforeProcessingInitializeOnLoad (1093ms)
				ProcessInitializeOnLoadAttributes (1092ms)
				ProcessInitializeOnLoadMethodAttributes (203ms)
				AfterProcessingInitializeOnLoad (51ms)
				EditorAssembliesLoaded (1ms)
			ExecutionOrderSort2 (0ms)
			AwakeInstancesAfterBackupRestoration (24ms)
Platform modules already initialized, skipping
Refreshing native plugins compatible for Editor in 2.71 ms, found 2 plugins.
Preloading 0 native plugins for Editor in 0.00 ms.
Unloading 2156 Unused Serialized files (Serialized files now loaded: 0)
System memory in use before: 88.8 MB.
System memory in use after: 88.9 MB.

Unloading 50 unused Assets to reduce memory usage. Loaded Objects now: 2602.
Total: 56.380400 ms (FindLiveObjects: 0.561900 ms CreateObjectMapping: 0.172800 ms MarkObjects: 55.555300 ms  DeleteObjects: 0.073300 ms)

AssetImportParameters requested are different than current active one (requested -> active):
  custom:framework-win-MediaFoundation: 216162199b28c13a410421893ffa2e32 -> 
  custom:video-decoder-ogg-theora: a1e56fd34408186e4bbccfd4996cb3dc -> 
  custom:container-muxer-webm: aa71ff27fc2769a1b78a27578f13a17b -> 
  custom:container-demuxer-webm: 4f35f7cbe854078d1ac9338744f61a02 -> 
  custom:container-demuxer-ogg: 62fdf1f143b41e24485cea50d1cbac27 -> 
  custom:video-encoder-webm-vp8: eb34c28f22e8b96e1ab97ce403110664 -> 
  custom:video-decoder-webm-vp8: 9c59270c3fd7afecdb556c50c9e8de78 -> 
  custom:audio-decoder-ogg-vorbis: bf7c407c2cedff20999df2af8eb42d56 -> 
  custom:audio-encoder-webm-vorbis: bf7c407c2cedff20999df2af8eb42d56 -> 
========================================================================
Received Import Request.
  Time since last request: 1062.253367 seconds.
  path: Assets/Sprites/Explosion.png
  artifactKey: Guid(195d2ebbbf668124ab3fa9932a849bcb) Importer(815301076,1909f56bfc062723c751e8b465ee728b)
Start importing Assets/Sprites/Explosion.png using Guid(195d2ebbbf668124ab3fa9932a849bcb) Importer(815301076,1909f56bfc062723c751e8b465ee728b)  -> (artifact id: 'e8012d0447e9f946ac42c0727dac4ea2') in 0.193639 seconds 
  Import took 0.200402 seconds .

========================================================================
Received Import Request.
  Time since last request: 283.876180 seconds.
  path: Assets/Sprites/Bomb.psd
  artifactKey: Guid(f68b1cb615317ca468e6fd16eef610f8) Importer(815301076,1909f56bfc062723c751e8b465ee728b)
Start importing Assets/Sprites/Bomb.psd using Guid(f68b1cb615317ca468e6fd16eef610f8) Importer(815301076,1909f56bfc062723c751e8b465ee728b)  -> (artifact id: '2e8d9ca3495a6bd5a825fa44de2c768c') in 0.038482 seconds 
  Import took 0.047308 seconds .

========================================================================
Received Import Request.
  Time since last request: 54.430272 seconds.
  path: Assets/Animation/Explosion.anim
  artifactKey: Guid(0359cf864f394604eac2dba23c0172f8) Importer(815301076,1909f56bfc062723c751e8b465ee728b)
Start importing Assets/Animation/Explosion.anim using Guid(0359cf864f394604eac2dba23c0172f8) Importer(815301076,1909f56bfc062723c751e8b465ee728b)  -> (artifact id: '4219d434d3ba2e2e14f92068b73e5c6f') in 0.013256 seconds 
  Import took 0.023667 seconds .

========================================================================
Received Import Request.
  Time since last request: 24.265871 seconds.
  path: Assets/Prefabs/Explosion.prefab
  artifactKey: Guid(63fc5b4c0e955a74883a609af15c688b) Importer(815301076,1909f56bfc062723c751e8b465ee728b)
Start importing Assets/Prefabs/Explosion.prefab using Guid(63fc5b4c0e955a74883a609af15c688b) Importer(815301076,1909f56bfc062723c751e8b465ee728b) The Animator Controller (explosion_0) you have used is not valid. Animations will not play
UnityEngine.StackTraceUtility:ExtractStackTrace ()
UnityEditor.EditorUtility:Internal_InstantiateRemoveAllNonAnimationComponentsSingle (UnityEngine.Object,UnityEngine.Vector3,UnityEngine.Quaternion)
UnityEditor.EditorUtility:InstantiateRemoveAllNonAnimationComponents (UnityEngine.Object,UnityEngine.Vector3,UnityEngine.Quaternion)
UnityEditor.EditorUtility:InstantiateForAnimatorPreview (UnityEngine.Object)
UnityEditor.GameObjectInspector/PreviewData:UpdateGameObject (UnityEngine.Object)
UnityEditor.GameObjectInspector/PreviewData:.ctor (UnityEngine.Object)
UnityEditor.GameObjectInspector:GetPreviewData ()
UnityEditor.GameObjectInspector:RenderStaticPreview (string,UnityEngine.Object[],int,int)
UnityEditor.AssetPreviewUpdater:CreatePreviewForAsset (UnityEngine.Object,UnityEngine.Object[],string)

[C:\buildslave\unity\build\Modules/Animation/Director/AnimatorControllerPlayable.cpp line 333]

The Animator Controller (explosion_0) you have used is not valid. Animations will not play
UnityEngine.StackTraceUtility:ExtractStackTrace ()
UnityEditor.EditorUtility:InitInstantiatedPreviewRecursive (UnityEngine.GameObject)
UnityEditor.EditorUtility:InstantiateForAnimatorPreview (UnityEngine.Object)
UnityEditor.GameObjectInspector/PreviewData:UpdateGameObject (UnityEngine.Object)
UnityEditor.GameObjectInspector/PreviewData:.ctor (UnityEngine.Object)
UnityEditor.GameObjectInspector:GetPreviewData ()
UnityEditor.GameObjectInspector:RenderStaticPreview (string,UnityEngine.Object[],int,int)
UnityEditor.AssetPreviewUpdater:CreatePreviewForAsset (UnityEngine.Object,UnityEngine.Object[],string)

[C:\buildslave\unity\build\Modules/Animation/Director/AnimatorControllerPlayable.cpp line 333]

 -> (artifact id: '2f2ba92f75d3194a344e217151fdacce') in 0.114994 seconds 
  Import took 0.121689 seconds .

========================================================================
Received Prepare
Registering precompiled user dll's ...
Registered in 0.052346 seconds.
Begin MonoManager ReloadAssembly
Native extension for WindowsStandalone target not found
Native extension for WebGL target not found
Refreshing native plugins compatible for Editor in 3.97 ms, found 2 plugins.
Preloading 0 native plugins for Editor in 0.00 ms.
Mono: successfully reloaded assembly
- Completed reload, in  7.108 seconds
Domain Reload Profiling:
	ReloadAssembly (7113ms)
		BeginReloadAssembly (627ms)
			ExecutionOrderSort (0ms)
			DisableScriptedObjects (32ms)
			BackupInstance (0ms)
			ReleaseScriptingObjects (0ms)
			CreateAndSetChildDomain (189ms)
		EndReloadAssembly (6039ms)
			LoadAssemblies (578ms)
			RebuildTransferFunctionScriptingTraits (0ms)
			SetupTypeCache (1880ms)
			ReleaseScriptCaches (10ms)
			RebuildScriptCaches (321ms)
			SetupLoadedEditorAssemblies (2721ms)
				LogAssemblyErrors (0ms)
				InitializePlatformSupportModulesInManaged (38ms)
				SetLoadedEditorAssemblies (1ms)
				RefreshPlugins (4ms)
				BeforeProcessingInitializeOnLoad (643ms)
				ProcessInitializeOnLoadAttributes (1754ms)
				ProcessInitializeOnLoadMethodAttributes (226ms)
				AfterProcessingInitializeOnLoad (54ms)
				EditorAssembliesLoaded (0ms)
			ExecutionOrderSort2 (0ms)
			AwakeInstancesAfterBackupRestoration (25ms)
Platform modules already initialized, skipping
Refreshing native plugins compatible for Editor in 3.15 ms, found 2 plugins.
Preloading 0 native plugins for Editor in 0.00 ms.
Unloading 2156 Unused Serialized files (Serialized files now loaded: 0)
System memory in use before: 88.9 MB.
System memory in use after: 89.1 MB.

Unloading 50 unused Assets to reduce memory usage. Loaded Objects now: 2606.
Total: 29.654400 ms (FindLiveObjects: 0.948000 ms CreateObjectMapping: 0.640100 ms MarkObjects: 27.969400 ms  DeleteObjects: 0.091800 ms)

AssetImportParameters requested are different than current active one (requested -> active):
  custom:framework-win-MediaFoundation: 216162199b28c13a410421893ffa2e32 -> 
  custom:video-decoder-ogg-theora: a1e56fd34408186e4bbccfd4996cb3dc -> 
  custom:container-muxer-webm: aa71ff27fc2769a1b78a27578f13a17b -> 
  custom:container-demuxer-webm: 4f35f7cbe854078d1ac9338744f61a02 -> 
  custom:container-demuxer-ogg: 62fdf1f143b41e24485cea50d1cbac27 -> 
  custom:video-encoder-webm-vp8: eb34c28f22e8b96e1ab97ce403110664 -> 
  custom:video-decoder-webm-vp8: 9c59270c3fd7afecdb556c50c9e8de78 -> 
  custom:audio-decoder-ogg-vorbis: bf7c407c2cedff20999df2af8eb42d56 -> 
  custom:audio-encoder-webm-vorbis: bf7c407c2cedff20999df2af8eb42d56 -> 
========================================================================
Received Prepare
Registering precompiled user dll's ...
Registered in 0.018059 seconds.
Begin MonoManager ReloadAssembly
Native extension for WindowsStandalone target not found
Native extension for WebGL target not found
Refreshing native plugins compatible for Editor in 2.16 ms, found 2 plugins.
Preloading 0 native plugins for Editor in 0.00 ms.
Mono: successfully reloaded assembly
- Completed reload, in 14.703 seconds
Domain Reload Profiling:
	ReloadAssembly (14704ms)
		BeginReloadAssembly (3377ms)
			ExecutionOrderSort (0ms)
			DisableScriptedObjects (40ms)
			BackupInstance (0ms)
			ReleaseScriptingObjects (0ms)
			CreateAndSetChildDomain (2158ms)
		EndReloadAssembly (10589ms)
			LoadAssemblies (1398ms)
			RebuildTransferFunctionScriptingTraits (0ms)
			SetupTypeCache (2836ms)
			ReleaseScriptCaches (6ms)
			RebuildScriptCaches (577ms)
			SetupLoadedEditorAssemblies (3762ms)
				LogAssemblyErrors (0ms)
				InitializePlatformSupportModulesInManaged (210ms)
				SetLoadedEditorAssemblies (2ms)
				RefreshPlugins (3ms)
				BeforeProcessingInitializeOnLoad (987ms)
				ProcessInitializeOnLoadAttributes (1452ms)
				ProcessInitializeOnLoadMethodAttributes (986ms)
				AfterProcessingInitializeOnLoad (117ms)
				EditorAssembliesLoaded (4ms)
			ExecutionOrderSort2 (0ms)
			AwakeInstancesAfterBackupRestoration (64ms)
Platform modules already initialized, skipping
Refreshing native plugins compatible for Editor in 54.07 ms, found 2 plugins.
Preloading 0 native plugins for Editor in 0.00 ms.
Unloading 2156 Unused Serialized files (Serialized files now loaded: 0)
System memory in use before: 88.9 MB.
System memory in use after: 89.1 MB.

Unloading 50 unused Assets to reduce memory usage. Loaded Objects now: 2608.
Total: 40.464100 ms (FindLiveObjects: 0.434400 ms CreateObjectMapping: 0.243600 ms MarkObjects: 39.645100 ms  DeleteObjects: 0.137100 ms)

AssetImportParameters requested are different than current active one (requested -> active):
  custom:framework-win-MediaFoundation: 216162199b28c13a410421893ffa2e32 -> 
  custom:video-decoder-ogg-theora: a1e56fd34408186e4bbccfd4996cb3dc -> 
  custom:container-muxer-webm: aa71ff27fc2769a1b78a27578f13a17b -> 
  custom:container-demuxer-webm: 4f35f7cbe854078d1ac9338744f61a02 -> 
  custom:container-demuxer-ogg: 62fdf1f143b41e24485cea50d1cbac27 -> 
  custom:video-encoder-webm-vp8: eb34c28f22e8b96e1ab97ce403110664 -> 
  custom:video-decoder-webm-vp8: 9c59270c3fd7afecdb556c50c9e8de78 -> 
  custom:audio-decoder-ogg-vorbis: bf7c407c2cedff20999df2af8eb42d56 -> 
  custom:audio-encoder-webm-vorbis: bf7c407c2cedff20999df2af8eb42d56 -> 
